2018-08-25T13:09:13.023Z - normal: Load ~/.CocosCreator/settings.json
2018-08-25T13:09:13.031Z - normal: checking language setting...
2018-08-25T13:09:13.031Z - normal: Language: zh
2018-08-25T13:09:15.600Z - success: protocol editor-framework registered
2018-08-25T13:09:15.601Z - success: protocol app registered
2018-08-25T13:09:15.601Z - success: protocol theme registered
2018-08-25T13:09:15.601Z - success: protocol packages registered
2018-08-25T13:09:15.601Z - success: protocol unpack registerred
2018-08-25T13:09:15.601Z - success: protocol disable-commonjs registerred
2018-08-25T13:09:15.738Z - normal: connected!
2018-08-25T13:09:15.748Z - normal: Check project E:\git\Creator\EndlessMaze
2018-08-25T13:09:15.757Z - normal: Initializing project E:\git\Creator\EndlessMaze
2018-08-25T13:09:15.764Z - normal: Initializing Cocos2d
2018-08-25T13:09:17.379Z - normal: Initializing Asset Database
2018-08-25T13:09:17.498Z - success: protocol uuid registerred
2018-08-25T13:09:17.498Z - success: protocol db registerred
2018-08-25T13:09:17.498Z - success: protocol thumbnail registerred
2018-08-25T13:09:17.499Z - normal: Loading editor/builtin packages
2018-08-25T13:09:17.832Z - success: assets loaded
2018-08-25T13:09:17.837Z - success: builder loaded
2018-08-25T13:09:17.841Z - success: cocos-analytics loaded
2018-08-25T13:09:17.847Z - success: console loaded
2018-08-25T13:09:17.937Z - success: fb-instant-games loaded
2018-08-25T13:09:17.949Z - success: hierarchy loaded
2018-08-25T13:09:17.953Z - success: inspector loaded
2018-08-25T13:09:17.957Z - success: keystore loaded
2018-08-25T13:09:17.966Z - success: node-library loaded
2018-08-25T13:09:17.969Z - success: package-asset loaded
2018-08-25T13:09:17.972Z - success: preferences loaded
2018-08-25T13:09:17.975Z - success: project-exporter loaded
2018-08-25T13:09:18.006Z - success: project-importer loaded
2018-08-25T13:09:18.010Z - success: project-settings loaded
2018-08-25T13:09:18.015Z - success: ui-kit loaded
2018-08-25T13:09:18.021Z - success: scene loaded
2018-08-25T13:09:18.023Z - success: sprite-editor loaded
2018-08-25T13:09:18.034Z - success: store loaded
2018-08-25T13:09:18.043Z - success: timeline loaded
2018-08-25T13:09:18.044Z - normal: Loading builtin packages
2018-08-25T13:09:18.054Z - success: asset-db-debugger loaded
2018-08-25T13:09:18.069Z - success: code-editor loaded
2018-08-25T13:09:18.070Z - success: color-picker loaded
2018-08-25T13:09:18.070Z - success: jsb-adapter loaded
2018-08-25T13:09:18.074Z - success: package-manager loaded
2018-08-25T13:09:18.402Z - success: qqplay-adapter loaded
2018-08-25T13:09:18.424Z - success: sdkbox loaded
2018-08-25T13:09:18.429Z - success: tester loaded
2018-08-25T13:09:18.432Z - success: ui-grid loaded
2018-08-25T13:09:18.436Z - success: ui-kit-preview-extra loaded
2018-08-25T13:09:18.438Z - success: ui-kit-preview loaded
2018-08-25T13:09:18.441Z - success: ui-tree loaded
2018-08-25T13:09:18.442Z - success: weapp-adapter loaded
2018-08-25T13:09:20.936Z - normal: Loading packages
2018-08-25T13:09:20.992Z - success: visual-fsm loaded
2018-08-25T13:09:20.992Z - normal: Watching packages
2018-08-25T13:09:21.617Z - normal: Run Application
2018-08-25T13:09:26.572Z - success: preview server running at http://localhost:7456
